<?xml version="1.0" encoding="UTF-8"?>
<testng-results ignored="0" total="1" passed="1" failed="0" skipped="0">
  <reporter-output>
  </reporter-output>
  <suite started-at="2024-09-24T18:04:00 IST" name="Default suite" finished-at="2024-09-24T18:04:21 IST" duration-ms="21321">
    <groups>
      <group name="systemTest">
        <method signature="AddDoctor_Test.addDoctor()[pri:0, instance:com.wecare.AdminTest.AddDoctor_Test@7526515b]" name="addDoctor" class="com.wecare.AdminTest.AddDoctor_Test"/>
      </group> <!-- systemTest -->
    </groups>
    <test started-at="2024-09-24T18:04:00 IST" name="Default test" finished-at="2024-09-24T18:04:21 IST" duration-ms="21321">
      <class name="com.wecare.AdminTest.AddDoctor_Test">
        <test-method is-config="true" signature="beforeSuite()[pri:0, instance:com.wecare.AdminTest.AddDoctor_Test@7526515b]" started-at="2024-09-24T18:04:00 IST" name="beforeSuite" finished-at="2024-09-24T18:04:00 IST" duration-ms="468" status="PASS">
          <reporter-output>
          </reporter-output>
        </test-method> <!-- beforeSuite -->
        <test-method is-config="true" signature="beforeClass()[pri:0, instance:com.wecare.AdminTest.AddDoctor_Test@7526515b]" started-at="2024-09-24T18:04:00 IST" name="beforeClass" finished-at="2024-09-24T18:04:04 IST" duration-ms="3909" status="PASS">
          <reporter-output>
          </reporter-output>
        </test-method> <!-- beforeClass -->
        <test-method signature="addDoctor()[pri:0, instance:com.wecare.AdminTest.AddDoctor_Test@7526515b]" started-at="2024-09-24T18:04:04 IST" name="addDoctor" finished-at="2024-09-24T18:04:21 IST" duration-ms="16677" status="PASS">
          <reporter-output>
          </reporter-output>
        </test-method> <!-- addDoctor -->
        <test-method is-config="true" signature="afterClass()[pri:0, instance:com.wecare.AdminTest.AddDoctor_Test@7526515b]" started-at="2024-09-24T18:04:21 IST" name="afterClass" finished-at="2024-09-24T18:04:21 IST" duration-ms="663" status="PASS">
          <reporter-output>
          </reporter-output>
        </test-method> <!-- afterClass -->
        <test-method is-config="true" signature="afterSuite()[pri:0, instance:com.wecare.AdminTest.AddDoctor_Test@7526515b]" started-at="2024-09-24T18:04:21 IST" name="afterSuite" finished-at="2024-09-24T18:04:21 IST" duration-ms="0" status="PASS">
          <reporter-output>
          </reporter-output>
        </test-method> <!-- afterSuite -->
      </class> <!-- com.wecare.AdminTest.AddDoctor_Test -->
    </test> <!-- Default test -->
  </suite> <!-- Default suite -->
</testng-results>
